<?xml version="1.0" encoding="UTF-8"?>
<!-- Generated by org.testng.reporters.JUnitReportReporter -->
<testsuite skipped="0" hostname="MacBook-Pro.local" name="CCW_Methods" tests="3" failures="0" timestamp="29 Jan 2019 13:54:16 GMT" time="151.751" errors="0">
  <testcase name="loginWithInValidData" time="24.407" classname="CCW_Methods"/>
  <testcase name="LoginWithValidData" time="37.397" classname="CCW_Methods"/>
  <testcase name="logoutTest" time="89.947" classname="CCW_Methods"/>
</testsuite> <!-- CCW_Methods -->
