<?xml version="1.0" encoding="UTF-8"?>
<!-- Generated by org.testng.reporters.JUnitReportReporter -->
<testsuite skipped="0" hostname="MacBook-Pro.local" name="com.ccw.qa.AndroidPoc.CCW_AndroidPOC" tests="3" failures="0" timestamp="30 Jan 2019 09:36:37 GMT" time="94.332" errors="0">
  <testcase name="loginWithInValidData" time="23.938" classname="com.ccw.qa.AndroidPoc.CCW_AndroidPOC"/>
  <testcase name="LoginWithValidData" time="38.643" classname="com.ccw.qa.AndroidPoc.CCW_AndroidPOC"/>
  <testcase name="logoutTest" time="31.751" classname="com.ccw.qa.AndroidPoc.CCW_AndroidPOC"/>
</testsuite> <!-- com.ccw.qa.AndroidPoc.CCW_AndroidPOC -->
