<?xml version="1.0" encoding="UTF-8"?>
<!-- Generated by org.testng.reporters.JUnitReportReporter -->
<testsuite skipped="0" hostname="MacBook-Pro.local" name="com.ccw.qa.TestCases.LoginPageTest" tests="2" failures="0" timestamp="12 Feb 2019 15:31:31 GMT" time="39.185" errors="0">
  <testcase name="LoginTest" time="28.135" classname="com.ccw.qa.TestCases.LoginPageTest"/>
  <testcase name="LougoutTest" time="11.050" classname="com.ccw.qa.TestCases.LoginPageTest"/>
</testsuite> <!-- com.ccw.qa.TestCases.LoginPageTest -->
